[     192ms] [ERROR] Access to image at 'https://www.pinheironeto.com.br/assets/imgs/icons/search.svg' from origin 'http://localhost:4322' has been blocked by CORS policy: No 'Access-Control-Allow-Origin' header is present on the requested resource. @ http://localhost:4322/advogado/index.html:0
[     192ms] [ERROR] Failed to load resource: net::ERR_FAILED @ https://www.pinheironeto.com.br/assets/imgs/icons/search.svg:0
[     200ms] [ERROR] Access to image at 'https://www.pinheironeto.com.br/assets/imgs/icons/arrow-right.svg' from origin 'http://localhost:4322' has been blocked by CORS policy: No 'Access-Control-Allow-Origin' header is present on the requested resource. @ http://localhost:4322/advogado/index.html:0
[     200ms] [ERROR] Failed to load resource: net::ERR_FAILED @ https://www.pinheironeto.com.br/assets/imgs/icons/arrow-right.svg:0
[     219ms] [ERROR] Access to image at 'https://www.pinheironeto.com.br/assets/imgs/icons/arrow-right-small.svg' from origin 'http://localhost:4322' has been blocked by CORS policy: No 'Access-Control-Allow-Origin' header is present on the requested resource. @ http://localhost:4322/advogado/index.html:0
[     219ms] [ERROR] Failed to load resource: net::ERR_FAILED @ https://www.pinheironeto.com.br/assets/imgs/icons/arrow-right-small.svg:0
[     253ms] [ERROR] Access to image at 'https://www.pinheironeto.com.br/assets/imgs/icons/search2.svg' from origin 'http://localhost:4322' has been blocked by CORS policy: No 'Access-Control-Allow-Origin' header is present on the requested resource. @ http://localhost:4322/advogado/index.html:0
[     253ms] [ERROR] Failed to load resource: net::ERR_FAILED @ https://www.pinheironeto.com.br/assets/imgs/icons/search2.svg:0
[     262ms] [ERROR] Access to image at 'https://www.pinheironeto.com.br/assets/imgs/icons/arrow-left-small.svg' from origin 'http://localhost:4322' has been blocked by CORS policy: No 'Access-Control-Allow-Origin' header is present on the requested resource. @ http://localhost:4322/advogado/index.html:0
[     262ms] [ERROR] Failed to load resource: net::ERR_FAILED @ https://www.pinheironeto.com.br/assets/imgs/icons/arrow-left-small.svg:0
[     286ms] [ERROR] Access to image at 'https://www.pinheironeto.com.br/assets/imgs/icons/arrow-top.svg' from origin 'http://localhost:4322' has been blocked by CORS policy: No 'Access-Control-Allow-Origin' header is present on the requested resource. @ http://localhost:4322/advogado/index.html:0
[     286ms] [ERROR] Failed to load resource: net::ERR_FAILED @ https://www.pinheironeto.com.br/assets/imgs/icons/arrow-top.svg:0
[     412ms] [ERROR] Access to image at 'https://www.pinheironeto.com.br/assets/imgs/icons/calendar.svg' from origin 'http://localhost:4322' has been blocked by CORS policy: No 'Access-Control-Allow-Origin' header is present on the requested resource. @ http://localhost:4322/advogado/index.html:0
[     412ms] [ERROR] Failed to load resource: net::ERR_FAILED @ https://www.pinheironeto.com.br/assets/imgs/icons/calendar.svg:0
[     422ms] [ERROR] Access to image at 'https://www.pinheironeto.com.br/assets/imgs/icons/timer.svg' from origin 'http://localhost:4322' has been blocked by CORS policy: No 'Access-Control-Allow-Origin' header is present on the requested resource. @ http://localhost:4322/advogado/index.html:0
[     422ms] [ERROR] Failed to load resource: net::ERR_FAILED @ https://www.pinheironeto.com.br/assets/imgs/icons/timer.svg:0
[     422ms] [ERROR] Access to image at 'https://www.pinheironeto.com.br/assets/imgs/icons/location.svg' from origin 'http://localhost:4322' has been blocked by CORS policy: No 'Access-Control-Allow-Origin' header is present on the requested resource. @ http://localhost:4322/advogado/index.html:0
[     422ms] [ERROR] Failed to load resource: net::ERR_FAILED @ https://www.pinheironeto.com.br/assets/imgs/icons/location.svg:0
[     733ms] [ERROR] Access to image at 'https://www.pinheironeto.com.br/assets/imgs/icons/email.svg' from origin 'http://localhost:4322' has been blocked by CORS policy: No 'Access-Control-Allow-Origin' header is present on the requested resource. @ http://localhost:4322/advogado/index.html:0
[     733ms] [ERROR] Failed to load resource: net::ERR_FAILED @ https://www.pinheironeto.com.br/assets/imgs/icons/email.svg:0
[     745ms] [ERROR] Access to image at 'https://www.pinheironeto.com.br/assets/imgs/icons/linkedin.svg' from origin 'http://localhost:4322' has been blocked by CORS policy: No 'Access-Control-Allow-Origin' header is present on the requested resource. @ http://localhost:4322/advogado/index.html:0
[     745ms] [ERROR] Failed to load resource: net::ERR_FAILED @ https://www.pinheironeto.com.br/assets/imgs/icons/linkedin.svg:0
[     753ms] [ERROR] Access to image at 'https://www.pinheironeto.com.br/assets/imgs/icons/youtube.svg' from origin 'http://localhost:4322' has been blocked by CORS policy: No 'Access-Control-Allow-Origin' header is present on the requested resource. @ http://localhost:4322/advogado/index.html:0
[     754ms] [ERROR] Failed to load resource: net::ERR_FAILED @ https://www.pinheironeto.com.br/assets/imgs/icons/youtube.svg:0
[    5358ms] [ERROR] Access to image at 'https://www.pinheironeto.com.br/assets/imgs/icons/arrow-top.svg' from origin 'http://localhost:4322' has been blocked by CORS policy: No 'Access-Control-Allow-Origin' header is present on the requested resource. @ http://localhost:4322/advogado/index.html:0
[    5358ms] [ERROR] Failed to load resource: net::ERR_FAILED @ https://www.pinheironeto.com.br/assets/imgs/icons/arrow-top.svg:0
