[      45ms] [ERROR] Failed to load resource: the server responded with a status of 404 (File not found) @ http://localhost:4322/styles.168cacbffb4b94fb.css:0
[      79ms] [ERROR] Failed to load resource: the server responded with a status of 404 (File not found) @ http://localhost:4322/assets/imgs/logo.svg:0
[      80ms] [ERROR] Failed to load resource: the server responded with a status of 404 (File not found) @ http://localhost:4322/assets/imgs/logo-blue.svg:0
[     147ms] [ERROR] Failed to load resource: the server responded with a status of 404 (File not found) @ http://localhost:4322/assets/1636121575.png:0
[     168ms] [ERROR] Failed to load resource: the server responded with a status of 404 (File not found) @ http://localhost:4322/assets/1636123280.jpg:0
[     172ms] [ERROR] Failed to load resource: the server responded with a status of 404 (File not found) @ http://localhost:4322/assets/1636124380.jpg:0
[     173ms] [ERROR] Failed to load resource: the server responded with a status of 404 (File not found) @ http://localhost:4322/assets/1649191629.jpg:0
[     174ms] [ERROR] Failed to load resource: the server responded with a status of 404 (File not found) @ http://localhost:4322/assets/imgs/icons/arrow-down.svg:0
[     174ms] [ERROR] Failed to load resource: the server responded with a status of 404 (File not found) @ http://localhost:4322/assets/1637098945.svg:0
[     174ms] [ERROR] Failed to load resource: the server responded with a status of 404 (File not found) @ http://localhost:4322/assets/1631549326.svg:0
[     175ms] [ERROR] Failed to load resource: the server responded with a status of 404 (File not found) @ http://localhost:4322/assets/imgs/icons/arrow-down-blue.svg:0
[     176ms] [ERROR] Failed to load resource: the server responded with a status of 404 (File not found) @ http://localhost:4322/assets/1631549415.svg:0
[     177ms] [ERROR] Failed to load resource: the server responded with a status of 404 (File not found) @ http://localhost:4322/assets/1631549359.svg:0
[     177ms] [ERROR] Failed to load resource: the server responded with a status of 404 (File not found) @ http://localhost:4322/assets/1631549376.svg:0
[     178ms] [ERROR] Failed to load resource: the server responded with a status of 404 (File not found) @ http://localhost:4322/assets/1685643335.svg:0
[     178ms] [ERROR] Failed to load resource: the server responded with a status of 404 (File not found) @ http://localhost:4322/assets/1632236044.svg:0
[     179ms] [ERROR] Failed to load resource: the server responded with a status of 404 (File not found) @ http://localhost:4322/assets/1633013739.svg:0
[     179ms] [ERROR] Failed to load resource: the server responded with a status of 404 (File not found) @ http://localhost:4322/assets/1684778703.svg:0
[     179ms] [ERROR] Failed to load resource: the server responded with a status of 404 (File not found) @ http://localhost:4322/assets/1778006447_en.jpg:0
[     180ms] [ERROR] Failed to load resource: the server responded with a status of 404 (File not found) @ http://localhost:4322/assets/1777497385_en.jpg:0
[     180ms] [ERROR] Failed to load resource: the server responded with a status of 404 (File not found) @ http://localhost:4322/assets/1776104178_en.jpg:0
[     180ms] [ERROR] Failed to load resource: the server responded with a status of 404 (File not found) @ http://localhost:4322/assets/1775688868_en.png:0
[     181ms] [ERROR] Failed to load resource: the server responded with a status of 404 (File not found) @ http://localhost:4322/assets/1773080586.jpg:0
[     182ms] [ERROR] Failed to load resource: the server responded with a status of 404 (File not found) @ http://localhost:4322/assets/1769786979_en.png:0
[     183ms] [ERROR] Failed to load resource: the server responded with a status of 404 (File not found) @ http://localhost:4322/assets/1778512837_en.jpg:0
[     183ms] [ERROR] Failed to load resource: the server responded with a status of 404 (File not found) @ http://localhost:4322/assets/null:0
[     184ms] [ERROR] Failed to load resource: the server responded with a status of 404 (File not found) @ http://localhost:4322/assets/1778013048_en.png:0
[     184ms] [ERROR] Failed to load resource: the server responded with a status of 404 (File not found) @ http://localhost:4322/assets/1636135870.jpg:0
[     184ms] [ERROR] Failed to load resource: the server responded with a status of 404 (File not found) @ http://localhost:4322/assets/1636396401.jpg:0
[     185ms] [ERROR] Failed to load resource: the server responded with a status of 404 (File not found) @ http://localhost:4322/assets/1778186433_en.png:0
[     185ms] [ERROR] Failed to load resource: the server responded with a status of 404 (File not found) @ http://localhost:4322/assets/1778095140_en.png:0
[     186ms] [ERROR] Failed to load resource: the server responded with a status of 404 (File not found) @ http://localhost:4322/assets/1636135887.jpg:0
[     186ms] [ERROR] Failed to load resource: the server responded with a status of 404 (File not found) @ http://localhost:4322/assets/1753819264.png:0
[     186ms] [ERROR] Failed to load resource: the server responded with a status of 404 (File not found) @ http://localhost:4322/assets/1753214289.png:0
[     187ms] [ERROR] Failed to load resource: the server responded with a status of 404 (File not found) @ http://localhost:4322/assets/1753214437.png:0
[     187ms] [ERROR] Failed to load resource: the server responded with a status of 404 (File not found) @ http://localhost:4322/assets/1753821268.png:0
[     188ms] [ERROR] Failed to load resource: the server responded with a status of 404 (File not found) @ http://localhost:4322/assets/1753821709.png:0
[     188ms] [ERROR] Failed to load resource: the server responded with a status of 404 (File not found) @ http://localhost:4322/assets/1753822025.png:0
[     188ms] [ERROR] Failed to load resource: the server responded with a status of 404 (File not found) @ http://localhost:4322/assets/1753213914.png:0
[     189ms] [ERROR] Failed to load resource: the server responded with a status of 404 (File not found) @ http://localhost:4322/assets/1753215612.png:0
[     189ms] [ERROR] Failed to load resource: the server responded with a status of 404 (File not found) @ http://localhost:4322/assets/1753819836.png:0
[     189ms] [ERROR] Failed to load resource: the server responded with a status of 404 (File not found) @ http://localhost:4322/assets/1753818923.png:0
[     190ms] [ERROR] Failed to load resource: the server responded with a status of 404 (File not found) @ http://localhost:4322/assets/1753819721.png:0
[     190ms] [ERROR] Failed to load resource: the server responded with a status of 404 (File not found) @ http://localhost:4322/assets/1753818084.png:0
[     191ms] [ERROR] Failed to load resource: the server responded with a status of 404 (File not found) @ http://localhost:4322/assets/1753216726.png:0
[     191ms] [ERROR] Failed to load resource: the server responded with a status of 404 (File not found) @ http://localhost:4322/assets/1753212650.png:0
[     191ms] [ERROR] Failed to load resource: the server responded with a status of 404 (File not found) @ http://localhost:4322/assets/1753819022.png:0
[     192ms] [ERROR] Failed to load resource: the server responded with a status of 404 (File not found) @ http://localhost:4322/assets/1753215086.png:0
[     192ms] [ERROR] Failed to load resource: the server responded with a status of 404 (File not found) @ http://localhost:4322/assets/1753821132.png:0
[     193ms] [ERROR] Failed to load resource: the server responded with a status of 404 (File not found) @ http://localhost:4322/assets/1753820857.png:0
[     193ms] [ERROR] Failed to load resource: the server responded with a status of 404 (File not found) @ http://localhost:4322/assets/1753212055.png:0
[    8665ms] [ERROR] Failed to load resource: the server responded with a status of 404 (File not found) @ http://localhost:4322/assets/imgs/icons/arrow-top.svg:0
[    8676ms] [ERROR] Failed to load resource: the server responded with a status of 404 (File not found) @ http://localhost:4322/assets/1777497385_en.jpg:0
[    8676ms] [ERROR] Failed to load resource: the server responded with a status of 404 (File not found) @ http://localhost:4322/assets/1776104178_en.jpg:0
[    8677ms] [ERROR] Failed to load resource: the server responded with a status of 404 (File not found) @ http://localhost:4322/assets/1778006447_en.jpg:0
[    8677ms] [ERROR] Failed to load resource: the server responded with a status of 404 (File not found) @ http://localhost:4322/assets/1775688868_en.png:0
[    8677ms] [ERROR] Failed to load resource: the server responded with a status of 404 (File not found) @ http://localhost:4322/assets/1773080586.jpg:0
[    8678ms] [ERROR] Failed to load resource: the server responded with a status of 404 (File not found) @ http://localhost:4322/assets/1769786979_en.png:0
