[    1106ms] [LOG] Redirect to OS Pages!!! @ https://www.microsoft.com/foxtrot/etc.clientlibs/sds/components/content/sdsbase/v1/sdsbase/clientlibs/site.ACSHASHef4995556f7e788ec7a567df5e3056d5.min.js:128
[    1106ms] [LOG] Device Windows 10 @ https://www.microsoft.com/foxtrot/etc.clientlibs/sds/components/content/sdsbase/v1/sdsbase/clientlibs/site.ACSHASHef4995556f7e788ec7a567df5e3056d5.min.js:128
[    1119ms] [LOG] MWF v2.15.1 @ https://www.microsoft.com/foxtrot/etc.clientlibs/microsoft/clientlibs/clientlib-mwf-new/main-light.ACSHASHf8a6ecd849f93a3e5d989c0cee0ceb80.min.js:12771
[    1121ms] [LOG] gpc opt-in @ https://www.microsoft.com/foxtrot/etc.clientlibs/microsoft/clientlibs/cookie-compliance-manager.ACSHASHd471cafc5d23f4577f5cf2676dcc276a.min.js:4
[    1122ms] [LOG] Clarity consent conditions not met @ https://www.microsoft.com/foxtrot/etc.clientlibs/microsoft/clientlibs/cookie-compliance-manager.ACSHASHd471cafc5d23f4577f5cf2676dcc276a.min.js:4
[    1195ms] [INFO] %cDownload the React DevTools for a better development experience: https://reactjs.org/link/react-devtools font-weight:bold @ https://uhf.microsoft.com/statics/20260518.16.05/js/index-CuY0u_Xq.js:13658
[    1211ms] [LOG] Clarity opt-out set @ https://www.microsoft.com/foxtrot/etc.clientlibs/microsoft/clientlibs/cookie-compliance-manager.ACSHASHd471cafc5d23f4577f5cf2676dcc276a.min.js:3
[    1214ms] [WARNING] MeControl: Invalid AAD auth configuration @ https://uhf.microsoft.com/statics/20260518.16.05/js/MeControl-DlfJm0uE.js:637
[    2071ms] [LOG] 1DS Initialized.. @ https://www.microsoft.com/foxtrot/etc.clientlibs/microsoft/components/structure/page/clientlibs/custom-oneds.ACSHASH2b7224aac4ea4007cb4436ebcdc8cec8.min.js:0
[    2580ms] [LOG] Redirect to OS Pages!!! @ https://www.microsoft.com/foxtrot/etc.clientlibs/sds/components/content/sdsbase/v1/sdsbase/clientlibs/site.ACSHASHef4995556f7e788ec7a567df5e3056d5.min.js:128
[    2580ms] [LOG] Device Windows 10 @ https://www.microsoft.com/foxtrot/etc.clientlibs/sds/components/content/sdsbase/v1/sdsbase/clientlibs/site.ACSHASHef4995556f7e788ec7a567df5e3056d5.min.js:128
[    2586ms] [LOG] MWF v2.15.1 @ https://www.microsoft.com/foxtrot/etc.clientlibs/microsoft/clientlibs/clientlib-mwf-new/main-light.ACSHASHf8a6ecd849f93a3e5d989c0cee0ceb80.min.js:12771
[    2587ms] [LOG] gpc opt-in @ https://www.microsoft.com/foxtrot/etc.clientlibs/microsoft/clientlibs/cookie-compliance-manager.ACSHASHd471cafc5d23f4577f5cf2676dcc276a.min.js:4
[    2587ms] [LOG] Clarity consent conditions not met @ https://www.microsoft.com/foxtrot/etc.clientlibs/microsoft/clientlibs/cookie-compliance-manager.ACSHASHd471cafc5d23f4577f5cf2676dcc276a.min.js:4
[    2661ms] [LOG] Clarity opt-out set @ https://www.microsoft.com/foxtrot/etc.clientlibs/microsoft/clientlibs/cookie-compliance-manager.ACSHASHd471cafc5d23f4577f5cf2676dcc276a.min.js:3
[    2666ms] [INFO] %cDownload the React DevTools for a better development experience: https://reactjs.org/link/react-devtools font-weight:bold @ https://uhf.microsoft.com/statics/20260518.16.05/js/index-CuY0u_Xq.js:13658
[    2676ms] [WARNING] MeControl: Invalid AAD auth configuration @ https://uhf.microsoft.com/statics/20260518.16.05/js/MeControl-DlfJm0uE.js:637
[    3555ms] [LOG] 1DS Initialized.. @ https://www.microsoft.com/foxtrot/etc.clientlibs/microsoft/components/structure/page/clientlibs/custom-oneds.ACSHASH2b7224aac4ea4007cb4436ebcdc8cec8.min.js:0
[    7075ms] [WARNING] The resource https://c.s-microsoft.com/static/fonts/segoe-ui/west-european/Bold/latest.woff2 was preloaded using link preload but not used within a few seconds from the window's load event. Please make sure it has an appropriate `as` value and it is preloaded intentionally. @ https://www.microsoft.com/en-us/software-download/windows10:0
[    7075ms] [WARNING] The resource https://c.s-microsoft.com/static/fonts/segoe-ui/west-european/Semibold/latest.woff2 was preloaded using link preload but not used within a few seconds from the window's load event. Please make sure it has an appropriate `as` value and it is preloaded intentionally. @ https://www.microsoft.com/en-us/software-download/windows10:0
[    7075ms] [WARNING] The resource https://c.s-microsoft.com/static/fonts/segoe-ui/west-european/light/latest.woff2 was preloaded using link preload but not used within a few seconds from the window's load event. Please make sure it has an appropriate `as` value and it is preloaded intentionally. @ https://www.microsoft.com/en-us/software-download/windows10:0
[    7075ms] [WARNING] The resource https://c.s-microsoft.com/static/fonts/segoe-ui/west-european/normal/latest.woff2 was preloaded using link preload but not used within a few seconds from the window's load event. Please make sure it has an appropriate `as` value and it is preloaded intentionally. @ https://www.microsoft.com/en-us/software-download/windows10:0
[    7075ms] [WARNING] The resource https://c.s-microsoft.com/static/fonts/segoe-ui/west-european/semilight/latest.woff2 was preloaded using link preload but not used within a few seconds from the window's load event. Please make sure it has an appropriate `as` value and it is preloaded intentionally. @ https://www.microsoft.com/en-us/software-download/windows10:0
[    8255ms] [ERROR] Failed to load resource: the server responded with a status of 401 () @ https://browser.events.data.microsoft.com/OneCollector/1.0/?cors=true&content-type=application/x-json-stream&w=0:0
[    8452ms] [ERROR] Failed to load resource: the server responded with a status of 401 () @ https://browser.events.data.microsoft.com/OneCollector/1.0/?cors=true&content-type=application/x-json-stream&w=0:0
[   13863ms] [WARNING] The resource https://c.s-microsoft.com/static/fonts/segoe-ui/west-european/Bold/latest.woff2 was preloaded using link preload but not used within a few seconds from the window's load event. Please make sure it has an appropriate `as` value and it is preloaded intentionally. @ https://www.microsoft.com/en-us/software-download/windows10:0
[   13863ms] [WARNING] The resource https://c.s-microsoft.com/static/fonts/segoe-ui/west-european/Semibold/latest.woff2 was preloaded using link preload but not used within a few seconds from the window's load event. Please make sure it has an appropriate `as` value and it is preloaded intentionally. @ https://www.microsoft.com/en-us/software-download/windows10:0
[   13863ms] [WARNING] The resource https://c.s-microsoft.com/static/fonts/segoe-ui/west-european/light/latest.woff2 was preloaded using link preload but not used within a few seconds from the window's load event. Please make sure it has an appropriate `as` value and it is preloaded intentionally. @ https://www.microsoft.com/en-us/software-download/windows10:0
[   13863ms] [WARNING] The resource https://c.s-microsoft.com/static/fonts/segoe-ui/west-european/normal/latest.woff2 was preloaded using link preload but not used within a few seconds from the window's load event. Please make sure it has an appropriate `as` value and it is preloaded intentionally. @ https://www.microsoft.com/en-us/software-download/windows10:0
[   13863ms] [WARNING] The resource https://c.s-microsoft.com/static/fonts/segoe-ui/west-european/semilight/latest.woff2 was preloaded using link preload but not used within a few seconds from the window's load event. Please make sure it has an appropriate `as` value and it is preloaded intentionally. @ https://www.microsoft.com/en-us/software-download/windows10:0
[   15778ms] [ERROR] Failed to load resource: the server responded with a status of 401 () @ https://browser.events.data.microsoft.com/OneCollector/1.0/?cors=true&content-type=application/x-json-stream&w=0:0
[   21139ms] [WARNING] The resource https://c.s-microsoft.com/static/fonts/segoe-ui/west-european/Bold/latest.woff2 was preloaded using link preload but not used within a few seconds from the window's load event. Please make sure it has an appropriate `as` value and it is preloaded intentionally. @ https://www.microsoft.com/en-us/software-download/windows10:0
[   21139ms] [WARNING] The resource https://c.s-microsoft.com/static/fonts/segoe-ui/west-european/Semibold/latest.woff2 was preloaded using link preload but not used within a few seconds from the window's load event. Please make sure it has an appropriate `as` value and it is preloaded intentionally. @ https://www.microsoft.com/en-us/software-download/windows10:0
[   21139ms] [WARNING] The resource https://c.s-microsoft.com/static/fonts/segoe-ui/west-european/light/latest.woff2 was preloaded using link preload but not used within a few seconds from the window's load event. Please make sure it has an appropriate `as` value and it is preloaded intentionally. @ https://www.microsoft.com/en-us/software-download/windows10:0
[   21139ms] [WARNING] The resource https://c.s-microsoft.com/static/fonts/segoe-ui/west-european/normal/latest.woff2 was preloaded using link preload but not used within a few seconds from the window's load event. Please make sure it has an appropriate `as` value and it is preloaded intentionally. @ https://www.microsoft.com/en-us/software-download/windows10:0
[   21139ms] [WARNING] The resource https://c.s-microsoft.com/static/fonts/segoe-ui/west-european/semilight/latest.woff2 was preloaded using link preload but not used within a few seconds from the window's load event. Please make sure it has an appropriate `as` value and it is preloaded intentionally. @ https://www.microsoft.com/en-us/software-download/windows10:0
