[     286ms] [ERROR] Access to image at 'https://www.pinheironeto.com.br/assets/imgs/icons/search.svg' from origin 'http://localhost:4322' has been blocked by CORS policy: No 'Access-Control-Allow-Origin' header is present on the requested resource. @ http://localhost:4322/advogado/index.html:0
[     286ms] [ERROR] Failed to load resource: net::ERR_FAILED @ https://www.pinheironeto.com.br/assets/imgs/icons/search.svg:0
[     286ms] [ERROR] Access to image at 'https://www.pinheironeto.com.br/assets/imgs/icons/search2.svg' from origin 'http://localhost:4322' has been blocked by CORS policy: No 'Access-Control-Allow-Origin' header is present on the requested resource. @ http://localhost:4322/advogado/index.html:0
[     286ms] [ERROR] Failed to load resource: net::ERR_FAILED @ https://www.pinheironeto.com.br/assets/imgs/icons/search2.svg:0
[     286ms] [ERROR] Access to image at 'https://www.pinheironeto.com.br/assets/imgs/icons/arrow-right-small.svg' from origin 'http://localhost:4322' has been blocked by CORS policy: No 'Access-Control-Allow-Origin' header is present on the requested resource. @ http://localhost:4322/advogado/index.html:0
[     286ms] [ERROR] Failed to load resource: net::ERR_FAILED @ https://www.pinheironeto.com.br/assets/imgs/icons/arrow-right-small.svg:0
[     318ms] [ERROR] Access to image at 'https://www.pinheironeto.com.br/assets/imgs/icons/arrow-left-small.svg' from origin 'http://localhost:4322' has been blocked by CORS policy: No 'Access-Control-Allow-Origin' header is present on the requested resource. @ http://localhost:4322/advogado/index.html:0
[     319ms] [ERROR] Failed to load resource: net::ERR_FAILED @ https://www.pinheironeto.com.br/assets/imgs/icons/arrow-left-small.svg:0
[     319ms] [ERROR] Access to image at 'https://www.pinheironeto.com.br/assets/imgs/icons/arrow-right.svg' from origin 'http://localhost:4322' has been blocked by CORS policy: No 'Access-Control-Allow-Origin' header is present on the requested resource. @ http://localhost:4322/advogado/index.html:0
[     319ms] [ERROR] Failed to load resource: net::ERR_FAILED @ https://www.pinheironeto.com.br/assets/imgs/icons/arrow-right.svg:0
[     337ms] [ERROR] Access to image at 'https://www.pinheironeto.com.br/assets/imgs/icons/arrow-top.svg' from origin 'http://localhost:4322' has been blocked by CORS policy: No 'Access-Control-Allow-Origin' header is present on the requested resource. @ http://localhost:4322/advogado/index.html:0
[     337ms] [ERROR] Failed to load resource: net::ERR_FAILED @ https://www.pinheironeto.com.br/assets/imgs/icons/arrow-top.svg:0
[     451ms] [ERROR] Access to image at 'https://www.pinheironeto.com.br/assets/imgs/icons/calendar.svg' from origin 'http://localhost:4322' has been blocked by CORS policy: No 'Access-Control-Allow-Origin' header is present on the requested resource. @ http://localhost:4322/advogado/index.html:0
[     451ms] [ERROR] Failed to load resource: net::ERR_FAILED @ https://www.pinheironeto.com.br/assets/imgs/icons/calendar.svg:0
[     457ms] [ERROR] Access to image at 'https://www.pinheironeto.com.br/assets/imgs/icons/timer.svg' from origin 'http://localhost:4322' has been blocked by CORS policy: No 'Access-Control-Allow-Origin' header is present on the requested resource. @ http://localhost:4322/advogado/index.html:0
[     457ms] [ERROR] Failed to load resource: net::ERR_FAILED @ https://www.pinheironeto.com.br/assets/imgs/icons/timer.svg:0
[     460ms] [ERROR] Access to image at 'https://www.pinheironeto.com.br/assets/imgs/icons/location.svg' from origin 'http://localhost:4322' has been blocked by CORS policy: No 'Access-Control-Allow-Origin' header is present on the requested resource. @ http://localhost:4322/advogado/index.html:0
[     460ms] [ERROR] Failed to load resource: net::ERR_FAILED @ https://www.pinheironeto.com.br/assets/imgs/icons/location.svg:0
[     768ms] [ERROR] Access to image at 'https://www.pinheironeto.com.br/assets/imgs/icons/email.svg' from origin 'http://localhost:4322' has been blocked by CORS policy: No 'Access-Control-Allow-Origin' header is present on the requested resource. @ http://localhost:4322/advogado/index.html:0
[     769ms] [ERROR] Failed to load resource: net::ERR_FAILED @ https://www.pinheironeto.com.br/assets/imgs/icons/email.svg:0
[     773ms] [ERROR] Access to image at 'https://www.pinheironeto.com.br/assets/imgs/icons/linkedin.svg' from origin 'http://localhost:4322' has been blocked by CORS policy: No 'Access-Control-Allow-Origin' header is present on the requested resource. @ http://localhost:4322/advogado/index.html:0
[     773ms] [ERROR] Failed to load resource: net::ERR_FAILED @ https://www.pinheironeto.com.br/assets/imgs/icons/linkedin.svg:0
[     793ms] [ERROR] Access to image at 'https://www.pinheironeto.com.br/assets/imgs/icons/youtube.svg' from origin 'http://localhost:4322' has been blocked by CORS policy: No 'Access-Control-Allow-Origin' header is present on the requested resource. @ http://localhost:4322/advogado/index.html:0
[     793ms] [ERROR] Failed to load resource: net::ERR_FAILED @ https://www.pinheironeto.com.br/assets/imgs/icons/youtube.svg:0
[    5324ms] [ERROR] Access to image at 'https://www.pinheironeto.com.br/assets/imgs/icons/arrow-top.svg' from origin 'http://localhost:4322' has been blocked by CORS policy: No 'Access-Control-Allow-Origin' header is present on the requested resource. @ http://localhost:4322/advogado/index.html:0
[    5324ms] [ERROR] Failed to load resource: net::ERR_FAILED @ https://www.pinheironeto.com.br/assets/imgs/icons/arrow-top.svg:0
