[      82ms] [ERROR] Failed to load resource: the server responded with a status of 404 (File not found) @ http://localhost:4322/styles.168cacbffb4b94fb.css:0
[      82ms] [ERROR] Failed to load resource: the server responded with a status of 404 (File not found) @ http://localhost:4322/assets/imgs/logo.svg:0
[      83ms] [ERROR] Failed to load resource: the server responded with a status of 404 (File not found) @ http://localhost:4322/assets/imgs/logo-blue.svg:0
[      98ms] [ERROR] Failed to load resource: the server responded with a status of 404 (File not found) @ http://localhost:4322/runtime.61cb859f2575d133.js:0
[     110ms] [ERROR] Failed to load resource: the server responded with a status of 404 (File not found) @ http://localhost:4322/polyfills.3539621f729998ab.js:0
[     111ms] [ERROR] Failed to load resource: the server responded with a status of 404 (File not found) @ http://localhost:4322/assets/1636121575.png:0
[     120ms] [ERROR] Failed to load resource: the server responded with a status of 404 (File not found) @ http://localhost:4322/assets/1636123280.jpg:0
[     386ms] [ERROR] Failed to load resource: the server responded with a status of 404 (File not found) @ http://localhost:4322/assets/1636124380.jpg:0
[     386ms] [ERROR] Failed to load resource: the server responded with a status of 404 (File not found) @ http://localhost:4322/assets/1649191629.jpg:0
[     387ms] [ERROR] Failed to load resource: the server responded with a status of 404 (File not found) @ http://localhost:4322/assets/imgs/logo.svg:0
[     387ms] [ERROR] Failed to load resource: the server responded with a status of 404 (File not found) @ http://localhost:4322/assets/imgs/icons/arrow-down.svg:0
[     388ms] [ERROR] Failed to load resource: the server responded with a status of 404 (File not found) @ http://localhost:4322/assets/1637098945.svg:0
[     388ms] [ERROR] Failed to load resource: the server responded with a status of 404 (File not found) @ http://localhost:4322/assets/1631549326.svg:0
[     389ms] [ERROR] Failed to load resource: the server responded with a status of 404 (File not found) @ http://localhost:4322/assets/imgs/icons/arrow-down-blue.svg:0
[     389ms] [ERROR] Failed to load resource: the server responded with a status of 404 (File not found) @ http://localhost:4322/assets/1631549415.svg:0
[     390ms] [ERROR] Failed to load resource: the server responded with a status of 404 (File not found) @ http://localhost:4322/assets/1631549359.svg:0
[     390ms] [ERROR] Failed to load resource: the server responded with a status of 404 (File not found) @ http://localhost:4322/assets/1631549376.svg:0
[     391ms] [ERROR] Failed to load resource: the server responded with a status of 404 (File not found) @ http://localhost:4322/assets/1685643335.svg:0
[     391ms] [ERROR] Failed to load resource: the server responded with a status of 404 (File not found) @ http://localhost:4322/assets/1632236044.svg:0
[     392ms] [ERROR] Failed to load resource: the server responded with a status of 404 (File not found) @ http://localhost:4322/assets/1633013739.svg:0
[     392ms] [ERROR] Failed to load resource: the server responded with a status of 404 (File not found) @ http://localhost:4322/assets/1684778703.svg:0
[     393ms] [ERROR] Failed to load resource: the server responded with a status of 404 (File not found) @ http://localhost:4322/assets/1778006447_en.jpg:0
[     393ms] [ERROR] Failed to load resource: the server responded with a status of 404 (File not found) @ http://localhost:4322/assets/1777497385_en.jpg:0
[     394ms] [ERROR] Failed to load resource: the server responded with a status of 404 (File not found) @ http://localhost:4322/assets/1776104178_en.jpg:0
[     395ms] [ERROR] Failed to load resource: the server responded with a status of 404 (File not found) @ http://localhost:4322/assets/1775688868_en.png:0
[     397ms] [ERROR] Failed to load resource: the server responded with a status of 404 (File not found) @ http://localhost:4322/assets/1773080586.jpg:0
[     397ms] [ERROR] Failed to load resource: the server responded with a status of 404 (File not found) @ http://localhost:4322/assets/1769786979_en.png:0
[     398ms] [ERROR] Failed to load resource: the server responded with a status of 404 (File not found) @ http://localhost:4322/assets/1636121575.png:0
[     398ms] [ERROR] Failed to load resource: the server responded with a status of 404 (File not found) @ http://localhost:4322/assets/1778512837_en.jpg:0
[     399ms] [ERROR] Failed to load resource: the server responded with a status of 404 (File not found) @ http://localhost:4322/assets/1778186433_en.png:0
[     399ms] [ERROR] Failed to load resource: the server responded with a status of 404 (File not found) @ http://localhost:4322/assets/null:0
[     400ms] [ERROR] Failed to load resource: the server responded with a status of 404 (File not found) @ http://localhost:4322/assets/1778095140_en.png:0
[     400ms] [ERROR] Failed to load resource: the server responded with a status of 404 (File not found) @ http://localhost:4322/assets/1778013048_en.png:0
[     401ms] [ERROR] Failed to load resource: the server responded with a status of 404 (File not found) @ http://localhost:4322/assets/1636396401.jpg:0
[     401ms] [ERROR] Failed to load resource: the server responded with a status of 404 (File not found) @ http://localhost:4322/assets/1636135870.jpg:0
[     402ms] [ERROR] Failed to load resource: the server responded with a status of 404 (File not found) @ http://localhost:4322/assets/1636123280.jpg:0
[     402ms] [ERROR] Failed to load resource: the server responded with a status of 404 (File not found) @ http://localhost:4322/assets/1636135887.jpg:0
[     403ms] [ERROR] Failed to load resource: the server responded with a status of 404 (File not found) @ http://localhost:4322/assets/1753819264.png:0
[     403ms] [ERROR] Failed to load resource: the server responded with a status of 404 (File not found) @ http://localhost:4322/assets/1753214289.png:0
[     404ms] [ERROR] Failed to load resource: the server responded with a status of 404 (File not found) @ http://localhost:4322/assets/1753214437.png:0
[     404ms] [ERROR] Failed to load resource: the server responded with a status of 404 (File not found) @ http://localhost:4322/assets/1753821268.png:0
[     405ms] [ERROR] Failed to load resource: the server responded with a status of 404 (File not found) @ http://localhost:4322/assets/1753821709.png:0
[     405ms] [ERROR] Failed to load resource: the server responded with a status of 404 (File not found) @ http://localhost:4322/assets/1753213914.png:0
[     406ms] [ERROR] Failed to load resource: the server responded with a status of 404 (File not found) @ http://localhost:4322/assets/1753822025.png:0
[     406ms] [ERROR] Failed to load resource: the server responded with a status of 404 (File not found) @ http://localhost:4322/assets/1753215612.png:0
[     407ms] [ERROR] Failed to load resource: the server responded with a status of 404 (File not found) @ http://localhost:4322/assets/1753819836.png:0
[     408ms] [ERROR] Failed to load resource: the server responded with a status of 404 (File not found) @ http://localhost:4322/assets/1753819721.png:0
[     408ms] [ERROR] Failed to load resource: the server responded with a status of 404 (File not found) @ http://localhost:4322/assets/1753818084.png:0
[     409ms] [ERROR] Failed to load resource: the server responded with a status of 404 (File not found) @ http://localhost:4322/assets/1753818923.png:0
[     410ms] [ERROR] Failed to load resource: the server responded with a status of 404 (File not found) @ http://localhost:4322/assets/1753819022.png:0
[     410ms] [ERROR] Failed to load resource: the server responded with a status of 404 (File not found) @ http://localhost:4322/assets/1753216726.png:0
[     411ms] [ERROR] Failed to load resource: the server responded with a status of 404 (File not found) @ http://localhost:4322/assets/1753212650.png:0
[     411ms] [ERROR] Failed to load resource: the server responded with a status of 404 (File not found) @ http://localhost:4322/assets/1753215086.png:0
[     411ms] [ERROR] Failed to load resource: the server responded with a status of 404 (File not found) @ http://localhost:4322/assets/1753821132.png:0
[     412ms] [ERROR] Failed to load resource: the server responded with a status of 404 (File not found) @ http://localhost:4322/assets/1753820857.png:0
[     412ms] [ERROR] Failed to load resource: the server responded with a status of 404 (File not found) @ http://localhost:4322/assets/1753212055.png:0
[     414ms] [ERROR] Failed to load resource: the server responded with a status of 404 (File not found) @ http://localhost:4322/main.c3430600c963ac09.js:0
[     419ms] [ERROR] Failed to load resource: the server responded with a status of 404 (File not found) @ http://localhost:4322/scripts.9dfa23f500bff63c.js:0
[   14701ms] [ERROR] Failed to load resource: the server responded with a status of 404 (File not found) @ http://localhost:4322/assets/imgs/icons/arrow-top.svg:0
[   14704ms] [ERROR] Failed to load resource: the server responded with a status of 404 (File not found) @ http://localhost:4322/assets/1778006447_en.jpg:0
[   14706ms] [ERROR] Failed to load resource: the server responded with a status of 404 (File not found) @ http://localhost:4322/assets/1777497385_en.jpg:0
[   14707ms] [ERROR] Failed to load resource: the server responded with a status of 404 (File not found) @ http://localhost:4322/assets/1776104178_en.jpg:0
[   14776ms] [ERROR] Failed to load resource: the server responded with a status of 404 (File not found) @ http://localhost:4322/assets/1775688868_en.png:0
[   14777ms] [ERROR] Failed to load resource: the server responded with a status of 404 (File not found) @ http://localhost:4322/assets/1773080586.jpg:0
[   14834ms] [ERROR] Failed to load resource: the server responded with a status of 404 (File not found) @ http://localhost:4322/assets/1769786979_en.png:0
