[     807ms] [ERROR] Access to image at 'https://www.pinheironeto.com.br/assets/imgs/icons/search.svg' from origin 'http://localhost:4322' has been blocked by CORS policy: No 'Access-Control-Allow-Origin' header is present on the requested resource. @ http://localhost:4322/advogado/index.html:0
[     807ms] [ERROR] Failed to load resource: net::ERR_FAILED @ https://www.pinheironeto.com.br/assets/imgs/icons/search.svg:0
[     807ms] [ERROR] Access to image at 'https://www.pinheironeto.com.br/assets/imgs/icons/search2.svg' from origin 'http://localhost:4322' has been blocked by CORS policy: No 'Access-Control-Allow-Origin' header is present on the requested resource. @ http://localhost:4322/advogado/index.html:0
[     807ms] [ERROR] Failed to load resource: net::ERR_FAILED @ https://www.pinheironeto.com.br/assets/imgs/icons/search2.svg:0
[     808ms] [ERROR] Access to image at 'https://www.pinheironeto.com.br/assets/imgs/icons/arrow-left-small.svg' from origin 'http://localhost:4322' has been blocked by CORS policy: No 'Access-Control-Allow-Origin' header is present on the requested resource. @ http://localhost:4322/advogado/index.html:0
[     808ms] [ERROR] Failed to load resource: net::ERR_FAILED @ https://www.pinheironeto.com.br/assets/imgs/icons/arrow-left-small.svg:0
[     808ms] [ERROR] Access to image at 'https://www.pinheironeto.com.br/assets/imgs/icons/arrow-right-small.svg' from origin 'http://localhost:4322' has been blocked by CORS policy: No 'Access-Control-Allow-Origin' header is present on the requested resource. @ http://localhost:4322/advogado/index.html:0
[     808ms] [ERROR] Failed to load resource: net::ERR_FAILED @ https://www.pinheironeto.com.br/assets/imgs/icons/arrow-right-small.svg:0
[     808ms] [ERROR] Access to image at 'https://www.pinheironeto.com.br/assets/imgs/icons/arrow-right.svg' from origin 'http://localhost:4322' has been blocked by CORS policy: No 'Access-Control-Allow-Origin' header is present on the requested resource. @ http://localhost:4322/advogado/index.html:0
[     808ms] [ERROR] Failed to load resource: net::ERR_FAILED @ https://www.pinheironeto.com.br/assets/imgs/icons/arrow-right.svg:0
[     877ms] [ERROR] Access to image at 'https://www.pinheironeto.com.br/assets/imgs/icons/arrow-top.svg' from origin 'http://localhost:4322' has been blocked by CORS policy: No 'Access-Control-Allow-Origin' header is present on the requested resource. @ http://localhost:4322/advogado/index.html:0
[     877ms] [ERROR] Failed to load resource: net::ERR_FAILED @ https://www.pinheironeto.com.br/assets/imgs/icons/arrow-top.svg:0
[     929ms] [ERROR] Access to image at 'https://www.pinheironeto.com.br/assets/imgs/icons/calendar.svg' from origin 'http://localhost:4322' has been blocked by CORS policy: No 'Access-Control-Allow-Origin' header is present on the requested resource. @ http://localhost:4322/advogado/index.html:0
[     929ms] [ERROR] Failed to load resource: net::ERR_FAILED @ https://www.pinheironeto.com.br/assets/imgs/icons/calendar.svg:0
[     944ms] [ERROR] Access to image at 'https://www.pinheironeto.com.br/assets/imgs/icons/timer.svg' from origin 'http://localhost:4322' has been blocked by CORS policy: No 'Access-Control-Allow-Origin' header is present on the requested resource. @ http://localhost:4322/advogado/index.html:0
[     944ms] [ERROR] Failed to load resource: net::ERR_FAILED @ https://www.pinheironeto.com.br/assets/imgs/icons/timer.svg:0
[     949ms] [ERROR] Access to image at 'https://www.pinheironeto.com.br/assets/imgs/icons/location.svg' from origin 'http://localhost:4322' has been blocked by CORS policy: No 'Access-Control-Allow-Origin' header is present on the requested resource. @ http://localhost:4322/advogado/index.html:0
[     949ms] [ERROR] Failed to load resource: net::ERR_FAILED @ https://www.pinheironeto.com.br/assets/imgs/icons/location.svg:0
[    1306ms] [ERROR] Access to image at 'https://www.pinheironeto.com.br/assets/imgs/icons/email.svg' from origin 'http://localhost:4322' has been blocked by CORS policy: No 'Access-Control-Allow-Origin' header is present on the requested resource. @ http://localhost:4322/advogado/index.html:0
[    1307ms] [ERROR] Failed to load resource: net::ERR_FAILED @ https://www.pinheironeto.com.br/assets/imgs/icons/email.svg:0
[    1328ms] [ERROR] Access to image at 'https://www.pinheironeto.com.br/assets/imgs/icons/linkedin.svg' from origin 'http://localhost:4322' has been blocked by CORS policy: No 'Access-Control-Allow-Origin' header is present on the requested resource. @ http://localhost:4322/advogado/index.html:0
[    1329ms] [ERROR] Failed to load resource: net::ERR_FAILED @ https://www.pinheironeto.com.br/assets/imgs/icons/linkedin.svg:0
[    1329ms] [ERROR] Access to image at 'https://www.pinheironeto.com.br/assets/imgs/icons/youtube.svg' from origin 'http://localhost:4322' has been blocked by CORS policy: No 'Access-Control-Allow-Origin' header is present on the requested resource. @ http://localhost:4322/advogado/index.html:0
[    1330ms] [ERROR] Failed to load resource: net::ERR_FAILED @ https://www.pinheironeto.com.br/assets/imgs/icons/youtube.svg:0
[15207504ms] [ERROR] Access to image at 'https://www.pinheironeto.com.br/assets/imgs/icons/arrow-top.svg' from origin 'http://localhost:4322' has been blocked by CORS policy: No 'Access-Control-Allow-Origin' header is present on the requested resource. @ http://localhost:4322/advogado/index.html:0
[15207504ms] [ERROR] Failed to load resource: net::ERR_FAILED @ https://www.pinheironeto.com.br/assets/imgs/icons/arrow-top.svg:0
