[     817ms] [WARNING] cdn.tailwindcss.com should not be used in production. To use Tailwind CSS in production, install it as a PostCSS plugin or use the Tailwind CLI: https://tailwindcss.com/docs/installation @ https://cdn.tailwindcss.com/:63
[     968ms] [LOG] JQMIGRATE: Migrate is installed, version 3.4.1 @ https://site.biasong.com.br/wp-content/litespeed/js/fd5f6881ba74276e41127fe421251dc3.js?ver=f391f:1
[     975ms] ReferenceError: elementorFrontendConfig is not defined
    at 8309 (https://site.biasong.com.br/wp-content/litespeed/js/fd5f6881ba74276e41127fe421251dc3.js?ver=f391f:122:25844)
    at __webpack_require__ (https://site.biasong.com.br/wp-content/litespeed/js/fd5f6881ba74276e41127fe421251dc3.js?ver=f391f:4:155)
    at 7603 (https://site.biasong.com.br/wp-content/litespeed/js/fd5f6881ba74276e41127fe421251dc3.js?ver=f391f:122:19823)
    at __webpack_require__ (https://site.biasong.com.br/wp-content/litespeed/js/fd5f6881ba74276e41127fe421251dc3.js?ver=f391f:4:155)
    at https://site.biasong.com.br/wp-content/litespeed/js/fd5f6881ba74276e41127fe421251dc3.js?ver=f391f:122:31856
    at __webpack_require__.O (https://site.biasong.com.br/wp-content/litespeed/js/fd5f6881ba74276e41127fe421251dc3.js?ver=f391f:4:513)
    at https://site.biasong.com.br/wp-content/litespeed/js/fd5f6881ba74276e41127fe421251dc3.js?ver=f391f:122:31875
    at webpackJsonpCallback (https://site.biasong.com.br/wp-content/litespeed/js/fd5f6881ba74276e41127fe421251dc3.js?ver=f391f:4:5355)
    at https://site.biasong.com.br/wp-content/litespeed/js/fd5f6881ba74276e41127fe421251dc3.js?ver=f391f:122:91
[     976ms] ReferenceError: wp is not defined
    at data:text/javascript;base64,d3AuaTE4bi5zZXRMb2NhbGVEYXRhKHsndGV4dCBkaXJlY3Rpb25cdTAwMDRsdHInOlsnbHRyJ119KQ==:1:1
[     972ms] [LOG] JQMIGRATE: Migrate plugin loaded multiple times @ https://site.biasong.com.br/wp-content/litespeed/js/fd5f6881ba74276e41127fe421251dc3.js?ver=f391f:1
[     973ms] [LOG] JQMIGRATE: Migrate is installed, version 3.4.1 @ https://site.biasong.com.br/wp-content/litespeed/js/fd5f6881ba74276e41127fe421251dc3.js?ver=f391f:1
[    1704ms] [INFO] ::VTURB:: v(1.36.1) @ https://scripts.converteai.net/lib/js/smartplayer/v1/smartplayer.min.js:0
[    1713ms] [WARNING] Specifying 'overflow: visible' on img, video and canvas tags may cause them to produce visual content outside of the element bounds. See https://github.com/WICG/view-transitions/blob/main/debugging_overflow_on_images.md for details. @ https://scripts.converteai.net/lib/js/smartplayer/v1/smartplayer.min.js:0
[    1721ms] [WARNING] A preload for 'https://cdn.converteai.net/86ad8771-657c-4660-99be-fcff012c81a0/691b1daa111bbf801ae8cf87/main.m3u8' is found, but is not used because the request credentials mode does not match. Consider taking a look at crossorigin attribute. @ https://scripts.converteai.net/lib/js/smartplayer/v1/smartplayer.min.js:0
[    1736ms] [LOG] Flushing 1 events @ https://scripts.converteai.net/lib/js/smartplayer/v1/smartplayer.min.js:0
[    1738ms] [LOG] Flushing 2 events @ https://scripts.converteai.net/lib/js/smartplayer/v1/smartplayer.min.js:0
[    2574ms] [ERROR] Permissions policy violation: compute-pressure is not allowed in this document. @ https://www.youtube.com/s/player/b174a5bb/player_embed_es6.vflset/pt_BR/base.js:5070
[    3489ms] [LOG] [LiteSpeed] Start Lazy Load @ https://site.biasong.com.br/:370
[    3490ms] [LOG] [LiteSpeed] Start Lazy Load @ https://site.biasong.com.br/:370
[    9120ms] [WARNING] The resource https://cdn.converteai.net/86ad8771-657c-4660-99be-fcff012c81a0/691b1daa111bbf801ae8cf87/main.m3u8 was preloaded using link preload but not used within a few seconds from the window's load event. Please make sure it has an appropriate `as` value and it is preloaded intentionally. @ https://site.biasong.com.br/:0
[   65324ms] [WARNING] The resource https://cdn.converteai.net/86ad8771-657c-4660-99be-fcff012c81a0/691b1daa111bbf801ae8cf87/main.m3u8 was preloaded using link preload but not used within a few seconds from the window's load event. Please make sure it has an appropriate `as` value and it is preloaded intentionally. @ https://site.biasong.com.br/:0
[  167124ms] [WARNING] The resource https://cdn.converteai.net/86ad8771-657c-4660-99be-fcff012c81a0/691b1daa111bbf801ae8cf87/main.m3u8 was preloaded using link preload but not used within a few seconds from the window's load event. Please make sure it has an appropriate `as` value and it is preloaded intentionally. @ https://site.biasong.com.br/:0
[  176906ms] [WARNING] The resource https://cdn.converteai.net/86ad8771-657c-4660-99be-fcff012c81a0/691b1daa111bbf801ae8cf87/main.m3u8 was preloaded using link preload but not used within a few seconds from the window's load event. Please make sure it has an appropriate `as` value and it is preloaded intentionally. @ https://site.biasong.com.br/:0
