[    4431ms] [ERROR] Refused to get unsafe header "X-Sg-Cs" @ https://www.google.com/search?q=oldmoney&oq=oldmoney&gs_lcrp=EgZjaHJvbWUyDAgAEEUYORixAxiABDIJCAEQABgKGIAEMgkIAhAAGAoYgAQyCQgDEAAYChiABDIJCAQQABgKGIAEMgkIBRAAGAoYgAQyCQgGEAAYChiABDIJCAcQABgKGIAEMgkICBAAGAoYgAQyBwgJEAAYgASoAgCwAgA&sourceid=chrome&ie=UTF-8:20
[    4431ms] [ERROR] Refused to get unsafe header "X-Sorry-Redirect" @ https://www.google.com/search?q=oldmoney&oq=oldmoney&gs_lcrp=EgZjaHJvbWUyDAgAEEUYORixAxiABDIJCAEQABgKGIAEMgkIAhAAGAoYgAQyCQgDEAAYChiABDIJCAQQABgKGIAEMgkIBRAAGAoYgAQyCQgGEAAYChiABDIJCAcQABgKGIAEMgkICBAAGAoYgAQyBwgJEAAYgASoAgCwAgA&sourceid=chrome&ie=UTF-8:20
[    5455ms] [ERROR] Refused to get unsafe header "X-Sg-Cs" @ https://www.google.com/search?q=oldmoney&oq=oldmoney&gs_lcrp=EgZjaHJvbWUyDAgAEEUYORixAxiABDIJCAEQABgKGIAEMgkIAhAAGAoYgAQyCQgDEAAYChiABDIJCAQQABgKGIAEMgkIBRAAGAoYgAQyCQgGEAAYChiABDIJCAcQABgKGIAEMgkICBAAGAoYgAQyBwgJEAAYgASoAgCwAgA&sourceid=chrome&ie=UTF-8:20
[    5455ms] [ERROR] Refused to get unsafe header "X-Sorry-Redirect" @ https://www.google.com/search?q=oldmoney&oq=oldmoney&gs_lcrp=EgZjaHJvbWUyDAgAEEUYORixAxiABDIJCAEQABgKGIAEMgkIAhAAGAoYgAQyCQgDEAAYChiABDIJCAQQABgKGIAEMgkIBRAAGAoYgAQyCQgGEAAYChiABDIJCAcQABgKGIAEMgkICBAAGAoYgAQyBwgJEAAYgASoAgCwAgA&sourceid=chrome&ie=UTF-8:20
[    6010ms] [WARNING] Failed to execute 'postMessage' on 'DOMWindow': The target origin provided ('https://www.youtube.com') does not match the recipient window's origin ('https://www.google.com'). @ https://www.youtube.com/s/player/8fb635c2/www-widgetapi.vflset/www-widgetapi.js:209
[    6871ms] ReferenceError: jQuery is not defined
    at https://cdnjs.cloudflare.com/ajax/libs/slick-carousel/1.9.0/slick.min.js:17:152
    at https://cdnjs.cloudflare.com/ajax/libs/slick-carousel/1.9.0/slick.min.js:17:161
[    8182ms] [WARNING] In a sandboxed environment, addEventListener may not behave as expected. @ https://old-money.com/cdn/wpm/s81a24193wb0bf602apf85b30fcm71c6b379m.js:0
[    8581ms] [ERROR] Failed to load resource: the server responded with a status of 401 () @ https://b.applovin.com/shopify/v2/pixel:0
[   12906ms] [LOG] [UGC Web Pixel] Initializing UGC Attribution Web Pixel @ https://old-money.com/web-pixels/strict/app/web-pixel-2458321268@a669bd97c221b9d4062a448fa387dcbc.js:0
[   12925ms] [LOG] [UGC Web Pixel] Creating new visitor ID: caa68fd3-6a8d-40ca-8ad4-8d17e0d40c7b @ https://old-money.com/web-pixels/strict/app/web-pixel-2458321268@a669bd97c221b9d4062a448fa387dcbc.js:0
[   12929ms] [INFO] k-web-pixel-version 1 @ https://old-money.com/web-pixels/strict/app/web-pixel-1986167156@524f6c1ee37bacdca7657a665bdca589.js:0
[   12982ms] [LOG] [UGC Web Pixel] Visitor ID cookie set successfully: caa68fd3-6a8d-40ca-8ad4-8d17e0d40c7b @ https://old-money.com/web-pixels/strict/app/web-pixel-2458321268@a669bd97c221b9d4062a448fa387dcbc.js:0
[   13051ms] [LOG] [UGC Web Pixel] Created new session: 549113be-6a49-4213-986f-cc4607d765a7 @ https://old-money.com/web-pixels/strict/app/web-pixel-2458321268@a669bd97c221b9d4062a448fa387dcbc.js:0
[   13051ms] [LOG] [UGC Web Pixel] Session setup complete: {visitorId: caa68fd3-6a8d-40ca-8ad4-8d17e0d40c7b, sessionId: 549113be-6a49-4213-986f-cc4607d765a7, isNewVisitor: true, isNewSession: true} @ https://old-money.com/web-pixels/strict/app/web-pixel-2458321268@a669bd97c221b9d4062a448fa387dcbc.js:0
[   13052ms] [LOG] [UGC Web Pixel] Session data initialized: {vid: caa68fd3-6a8d-40ca-8ad4-8d17e0d40c7b, sessionId: 549113be-6a49-4213-986f-cc4607d765a7, storeId: e3bcd4cc-cead-4eb0-a6f5-cb57694a39d9, startTime: 1778542969531, landingUrl: https://old-money.com/?tw_source=google&tw_adid=77…obChMIm5Dd6rSylAMVgUBIAB3RBBNMEAAYASAAEgJ3FPD_BwE} @ https://old-money.com/web-pixels/strict/app/web-pixel-2458321268@a669bd97c221b9d4062a448fa387dcbc.js:0
[   13053ms] [LOG] [UGC Web Pixel] Trybe Attribution Web Pixel initialized successfully @ https://old-money.com/web-pixels/strict/app/web-pixel-2458321268@a669bd97c221b9d4062a448fa387dcbc.js:0
[   13093ms] [LOG] [UGC Web Pixel] Event queued: page_view {eventId: aec6fd7f-b461-443e-9000-f153572522b9, name: page_view, timestamp: 2026-05-11T23:42:43.994Z, storeId: e3bcd4cc-cead-4eb0-a6f5-cb57694a39d9, sessionId: 549113be-6a49-4213-986f-cc4607d765a7} @ https://old-money.com/web-pixels/strict/app/web-pixel-2458321268@a669bd97c221b9d4062a448fa387dcbc.js:0
[   15094ms] [LOG] [UGC Web Pixel] Sending batch of 1 events @ https://old-money.com/web-pixels/strict/app/web-pixel-2458321268@a669bd97c221b9d4062a448fa387dcbc.js:0
[   15096ms] [LOG] [UGC Web Pixel] Sending event batch: {storeId: e3bcd4cc-cead-4eb0-a6f5-cb57694a39d9, vid: caa68fd3-6a8d-40ca-8ad4-8d17e0d40c7b, eventCount: 1, endpoint: https://jointrybe.com/attribution/v1/events/batch} @ https://old-money.com/web-pixels/strict/app/web-pixel-2458321268@a669bd97c221b9d4062a448fa387dcbc.js:0
[   15465ms] [LOG] [UGC Web Pixel] Events sent successfully: {success: true, data: Object, requestId: 6b593277-f9d3-47fc-b322-ee677b396ab1} @ https://old-money.com/web-pixels/strict/app/web-pixel-2458321268@a669bd97c221b9d4062a448fa387dcbc.js:0
[   15465ms] [LOG] [UGC Web Pixel] ✅ Server reused EXISTING visitor: caa68fd3-6a8d-40ca-8ad4-8d17e0d40c7b @ https://old-money.com/web-pixels/strict/app/web-pixel-2458321268@a669bd97c221b9d4062a448fa387dcbc.js:0
[   58465ms] [WARNING] Specifying 'overflow: visible' on img, video and canvas tags may cause them to produce visual content outside of the element bounds. See https://github.com/WICG/view-transitions/blob/main/debugging_overflow_on_images.md for details. @ https://static-tracking.klaviyo.com/onsite/js/build-preview/commit-b6ca615b834cd395f8a20c51a429d17488a99941/Render.f3b65b8f0eb3571bbaf9.js:624
