[    2090ms] [LOG] [LiteSpeed] Start Load JS Delayed @ https://site.biasong.com.br/:374
[    2091ms] [LOG] [LiteSpeed] Load  JSHandle@node @ https://site.biasong.com.br/:375
[    2229ms] [LOG] [LiteSpeed] Start Load JS Delayed @ https://site.biasong.com.br/:374
[    2230ms] [LOG] [LiteSpeed] Load  JSHandle@node @ https://site.biasong.com.br/:375
[    2232ms] [LOG] [LiteSpeed] Load  JSHandle@node @ https://site.biasong.com.br/:375
[    2258ms] [LOG] [LiteSpeed] Load  JSHandle@node @ https://site.biasong.com.br/:375
[    2260ms] [LOG] [LiteSpeed] Load  JSHandle@node @ https://site.biasong.com.br/:375
[    2318ms] [INFO] ::VTURB:: v(1.36.1) @ https://scripts.converteai.net/lib/js/smartplayer/v1/smartplayer.min.js:0
[    2335ms] [WARNING] Specifying 'overflow: visible' on img, video and canvas tags may cause them to produce visual content outside of the element bounds. See https://github.com/WICG/view-transitions/blob/main/debugging_overflow_on_images.md for details. @ https://scripts.converteai.net/lib/js/smartplayer/v1/smartplayer.min.js:0
[    2355ms] [WARNING] A preload for 'https://cdn.converteai.net/86ad8771-657c-4660-99be-fcff012c81a0/691b1daa111bbf801ae8cf87/main.m3u8' is found, but is not used because the request credentials mode does not match. Consider taking a look at crossorigin attribute. @ https://scripts.converteai.net/lib/js/smartplayer/v1/smartplayer.min.js:0
[    2376ms] [LOG] Flushing 1 events @ https://scripts.converteai.net/lib/js/smartplayer/v1/smartplayer.min.js:0
[    2378ms] [LOG] Flushing 2 events @ https://scripts.converteai.net/lib/js/smartplayer/v1/smartplayer.min.js:0
[    2408ms] [LOG] {reload: yes} @ https://site.biasong.com.br/:374
[    2409ms] [LOG] Flushing 0 events @ https://scripts.converteai.net/lib/js/smartplayer/v1/smartplayer.min.js:0
[    3277ms] [WARNING] cdn.tailwindcss.com should not be used in production. To use Tailwind CSS in production, install it as a PostCSS plugin or use the Tailwind CLI: https://tailwindcss.com/docs/installation @ https://cdn.tailwindcss.com/:63
[    3409ms] [LOG] JQMIGRATE: Migrate is installed, version 3.4.1 @ https://site.biasong.com.br/wp-content/litespeed/js/fd5f6881ba74276e41127fe421251dc3.js?ver=f391f:1
[    3422ms] ReferenceError: elementorFrontendConfig is not defined
    at 8309 (https://site.biasong.com.br/wp-content/litespeed/js/fd5f6881ba74276e41127fe421251dc3.js?ver=f391f:122:25844)
    at __webpack_require__ (https://site.biasong.com.br/wp-content/litespeed/js/fd5f6881ba74276e41127fe421251dc3.js?ver=f391f:4:155)
    at 7603 (https://site.biasong.com.br/wp-content/litespeed/js/fd5f6881ba74276e41127fe421251dc3.js?ver=f391f:122:19823)
    at __webpack_require__ (https://site.biasong.com.br/wp-content/litespeed/js/fd5f6881ba74276e41127fe421251dc3.js?ver=f391f:4:155)
    at https://site.biasong.com.br/wp-content/litespeed/js/fd5f6881ba74276e41127fe421251dc3.js?ver=f391f:122:31856
    at __webpack_require__.O (https://site.biasong.com.br/wp-content/litespeed/js/fd5f6881ba74276e41127fe421251dc3.js?ver=f391f:4:513)
    at https://site.biasong.com.br/wp-content/litespeed/js/fd5f6881ba74276e41127fe421251dc3.js?ver=f391f:122:31875
    at webpackJsonpCallback (https://site.biasong.com.br/wp-content/litespeed/js/fd5f6881ba74276e41127fe421251dc3.js?ver=f391f:4:5355)
    at https://site.biasong.com.br/wp-content/litespeed/js/fd5f6881ba74276e41127fe421251dc3.js?ver=f391f:122:91
[    3423ms] ReferenceError: wp is not defined
    at data:text/javascript;base64,d3AuaTE4bi5zZXRMb2NhbGVEYXRhKHsndGV4dCBkaXJlY3Rpb25cdTAwMDRsdHInOlsnbHRyJ119KQ==:1:1
[    3422ms] [LOG] JQMIGRATE: Migrate plugin loaded multiple times @ https://site.biasong.com.br/wp-content/litespeed/js/fd5f6881ba74276e41127fe421251dc3.js?ver=f391f:1
[    3422ms] [LOG] JQMIGRATE: Migrate is installed, version 3.4.1 @ https://site.biasong.com.br/wp-content/litespeed/js/fd5f6881ba74276e41127fe421251dc3.js?ver=f391f:1
[    4018ms] [INFO] ::VTURB:: v(1.36.1) @ https://scripts.converteai.net/lib/js/smartplayer/v1/smartplayer.min.js:0
[    4029ms] [WARNING] Specifying 'overflow: visible' on img, video and canvas tags may cause them to produce visual content outside of the element bounds. See https://github.com/WICG/view-transitions/blob/main/debugging_overflow_on_images.md for details. @ https://scripts.converteai.net/lib/js/smartplayer/v1/smartplayer.min.js:0
[    4036ms] [WARNING] A preload for 'https://cdn.converteai.net/86ad8771-657c-4660-99be-fcff012c81a0/691b1daa111bbf801ae8cf87/main.m3u8' is found, but is not used because the request credentials mode does not match. Consider taking a look at crossorigin attribute. @ https://scripts.converteai.net/lib/js/smartplayer/v1/smartplayer.min.js:0
[    4048ms] [LOG] Flushing 1 events @ https://scripts.converteai.net/lib/js/smartplayer/v1/smartplayer.min.js:0
[    4050ms] [LOG] Flushing 2 events @ https://scripts.converteai.net/lib/js/smartplayer/v1/smartplayer.min.js:0
[    4892ms] [LOG] Flushing 2 events @ https://scripts.converteai.net/lib/js/smartplayer/v1/smartplayer.min.js:0
[    5870ms] [LOG] [LiteSpeed] Start Lazy Load @ https://site.biasong.com.br/:370
[    5871ms] [LOG] [LiteSpeed] Start Lazy Load @ https://site.biasong.com.br/:370
[   17002ms] [WARNING] The resource https://cdn.converteai.net/86ad8771-657c-4660-99be-fcff012c81a0/691b1daa111bbf801ae8cf87/main.m3u8 was preloaded using link preload but not used within a few seconds from the window's load event. Please make sure it has an appropriate `as` value and it is preloaded intentionally. @ https://site.biasong.com.br/:0
[   20416ms] [WARNING] The resource https://cdn.converteai.net/86ad8771-657c-4660-99be-fcff012c81a0/691b1daa111bbf801ae8cf87/main.m3u8 was preloaded using link preload but not used within a few seconds from the window's load event. Please make sure it has an appropriate `as` value and it is preloaded intentionally. @ https://site.biasong.com.br/:0
[   24035ms] [LOG] Flushing 1 events @ https://scripts.converteai.net/lib/js/smartplayer/v1/smartplayer.min.js:0
[   32192ms] [WARNING] The resource https://cdn.converteai.net/86ad8771-657c-4660-99be-fcff012c81a0/691b1daa111bbf801ae8cf87/main.m3u8 was preloaded using link preload but not used within a few seconds from the window's load event. Please make sure it has an appropriate `as` value and it is preloaded intentionally. @ https://site.biasong.com.br/:0
[   36438ms] [WARNING] The resource https://cdn.converteai.net/86ad8771-657c-4660-99be-fcff012c81a0/691b1daa111bbf801ae8cf87/main.m3u8 was preloaded using link preload but not used within a few seconds from the window's load event. Please make sure it has an appropriate `as` value and it is preloaded intentionally. @ https://site.biasong.com.br/:0
[   40429ms] [WARNING] The resource https://cdn.converteai.net/86ad8771-657c-4660-99be-fcff012c81a0/691b1daa111bbf801ae8cf87/main.m3u8 was preloaded using link preload but not used within a few seconds from the window's load event. Please make sure it has an appropriate `as` value and it is preloaded intentionally. @ https://site.biasong.com.br/:0
[   44037ms] [LOG] Flushing 1 events @ https://scripts.converteai.net/lib/js/smartplayer/v1/smartplayer.min.js:0
[   52065ms] [WARNING] The resource https://cdn.converteai.net/86ad8771-657c-4660-99be-fcff012c81a0/691b1daa111bbf801ae8cf87/main.m3u8 was preloaded using link preload but not used within a few seconds from the window's load event. Please make sure it has an appropriate `as` value and it is preloaded intentionally. @ https://site.biasong.com.br/:0
[   56085ms] [WARNING] The resource https://cdn.converteai.net/86ad8771-657c-4660-99be-fcff012c81a0/691b1daa111bbf801ae8cf87/main.m3u8 was preloaded using link preload but not used within a few seconds from the window's load event. Please make sure it has an appropriate `as` value and it is preloaded intentionally. @ https://site.biasong.com.br/:0
[   60064ms] [WARNING] The resource https://cdn.converteai.net/86ad8771-657c-4660-99be-fcff012c81a0/691b1daa111bbf801ae8cf87/main.m3u8 was preloaded using link preload but not used within a few seconds from the window's load event. Please make sure it has an appropriate `as` value and it is preloaded intentionally. @ https://site.biasong.com.br/:0
[   64032ms] [LOG] Flushing 1 events @ https://scripts.converteai.net/lib/js/smartplayer/v1/smartplayer.min.js:0
[   64089ms] [WARNING] The resource https://cdn.converteai.net/86ad8771-657c-4660-99be-fcff012c81a0/691b1daa111bbf801ae8cf87/main.m3u8 was preloaded using link preload but not used within a few seconds from the window's load event. Please make sure it has an appropriate `as` value and it is preloaded intentionally. @ https://site.biasong.com.br/:0
[   76066ms] [WARNING] The resource https://cdn.converteai.net/86ad8771-657c-4660-99be-fcff012c81a0/691b1daa111bbf801ae8cf87/main.m3u8 was preloaded using link preload but not used within a few seconds from the window's load event. Please make sure it has an appropriate `as` value and it is preloaded intentionally. @ https://site.biasong.com.br/:0
[   80049ms] [WARNING] The resource https://cdn.converteai.net/86ad8771-657c-4660-99be-fcff012c81a0/691b1daa111bbf801ae8cf87/main.m3u8 was preloaded using link preload but not used within a few seconds from the window's load event. Please make sure it has an appropriate `as` value and it is preloaded intentionally. @ https://site.biasong.com.br/:0
[   84027ms] [LOG] Flushing 1 events @ https://scripts.converteai.net/lib/js/smartplayer/v1/smartplayer.min.js:0
[   84074ms] [WARNING] The resource https://cdn.converteai.net/86ad8771-657c-4660-99be-fcff012c81a0/691b1daa111bbf801ae8cf87/main.m3u8 was preloaded using link preload but not used within a few seconds from the window's load event. Please make sure it has an appropriate `as` value and it is preloaded intentionally. @ https://site.biasong.com.br/:0
[   88087ms] [WARNING] The resource https://cdn.converteai.net/86ad8771-657c-4660-99be-fcff012c81a0/691b1daa111bbf801ae8cf87/main.m3u8 was preloaded using link preload but not used within a few seconds from the window's load event. Please make sure it has an appropriate `as` value and it is preloaded intentionally. @ https://site.biasong.com.br/:0
[   96162ms] [WARNING] The resource https://cdn.converteai.net/86ad8771-657c-4660-99be-fcff012c81a0/691b1daa111bbf801ae8cf87/main.m3u8 was preloaded using link preload but not used within a few seconds from the window's load event. Please make sure it has an appropriate `as` value and it is preloaded intentionally. @ https://site.biasong.com.br/:0
[  100158ms] [WARNING] The resource https://cdn.converteai.net/86ad8771-657c-4660-99be-fcff012c81a0/691b1daa111bbf801ae8cf87/main.m3u8 was preloaded using link preload but not used within a few seconds from the window's load event. Please make sure it has an appropriate `as` value and it is preloaded intentionally. @ https://site.biasong.com.br/:0
[  104031ms] [LOG] Flushing 1 events @ https://scripts.converteai.net/lib/js/smartplayer/v1/smartplayer.min.js:0
[  108143ms] [WARNING] The resource https://cdn.converteai.net/86ad8771-657c-4660-99be-fcff012c81a0/691b1daa111bbf801ae8cf87/main.m3u8 was preloaded using link preload but not used within a few seconds from the window's load event. Please make sure it has an appropriate `as` value and it is preloaded intentionally. @ https://site.biasong.com.br/:0
[  116159ms] [WARNING] The resource https://cdn.converteai.net/86ad8771-657c-4660-99be-fcff012c81a0/691b1daa111bbf801ae8cf87/main.m3u8 was preloaded using link preload but not used within a few seconds from the window's load event. Please make sure it has an appropriate `as` value and it is preloaded intentionally. @ https://site.biasong.com.br/:0
[  120148ms] [WARNING] The resource https://cdn.converteai.net/86ad8771-657c-4660-99be-fcff012c81a0/691b1daa111bbf801ae8cf87/main.m3u8 was preloaded using link preload but not used within a few seconds from the window's load event. Please make sure it has an appropriate `as` value and it is preloaded intentionally. @ https://site.biasong.com.br/:0
[  124029ms] [LOG] Flushing 1 events @ https://scripts.converteai.net/lib/js/smartplayer/v1/smartplayer.min.js:0
[  124150ms] [WARNING] The resource https://cdn.converteai.net/86ad8771-657c-4660-99be-fcff012c81a0/691b1daa111bbf801ae8cf87/main.m3u8 was preloaded using link preload but not used within a few seconds from the window's load event. Please make sure it has an appropriate `as` value and it is preloaded intentionally. @ https://site.biasong.com.br/:0
[  128156ms] [WARNING] The resource https://cdn.converteai.net/86ad8771-657c-4660-99be-fcff012c81a0/691b1daa111bbf801ae8cf87/main.m3u8 was preloaded using link preload but not used within a few seconds from the window's load event. Please make sure it has an appropriate `as` value and it is preloaded intentionally. @ https://site.biasong.com.br/:0
[  133179ms] [LOG] Flushing 2 events @ https://scripts.converteai.net/lib/js/smartplayer/v1/smartplayer.min.js:0
[  136333ms] [WARNING] The resource https://cdn.converteai.net/86ad8771-657c-4660-99be-fcff012c81a0/691b1daa111bbf801ae8cf87/main.m3u8 was preloaded using link preload but not used within a few seconds from the window's load event. Please make sure it has an appropriate `as` value and it is preloaded intentionally. @ https://site.biasong.com.br/:0
[  159941ms] [WARNING] The resource https://cdn.converteai.net/86ad8771-657c-4660-99be-fcff012c81a0/691b1daa111bbf801ae8cf87/main.m3u8 was preloaded using link preload but not used within a few seconds from the window's load event. Please make sure it has an appropriate `as` value and it is preloaded intentionally. @ https://site.biasong.com.br/:0
[  170405ms] [WARNING] The resource https://cdn.converteai.net/86ad8771-657c-4660-99be-fcff012c81a0/691b1daa111bbf801ae8cf87/main.m3u8 was preloaded using link preload but not used within a few seconds from the window's load event. Please make sure it has an appropriate `as` value and it is preloaded intentionally. @ https://site.biasong.com.br/:0
[  738743ms] [LOG] Flushing 0 events @ https://scripts.converteai.net/lib/js/smartplayer/v1/smartplayer.min.js:0
